INFO:WDM:====== WebDriver manager ======
INFO:WDM:Get LATEST chromedriver version for google-chrome
INFO:WDM:Get LATEST chromedriver version for google-chrome
INFO:WDM:Driver [C:\Users\marku\.wdm\drivers\chromedriver\win64\120.0.6099.109\chromedriver-win32/chromedriver.exe] found in cache
INFO:WDM:====== WebDriver manager ======
INFO:WDM:Get LATEST chromedriver version for google-chrome
INFO:WDM:Get LATEST chromedriver version for google-chrome
INFO:WDM:Driver [C:\Users\marku\.wdm\drivers\chromedriver\win64\120.0.6099.109\chromedriver-win32/chromedriver.exe] found in cache
INFO:WDM:====== WebDriver manager ======
INFO:WDM:Get LATEST chromedriver version for google-chrome
INFO:WDM:Get LATEST chromedriver version for google-chrome
INFO:WDM:Driver [C:\Users\marku\.wdm\drivers\chromedriver\win64\120.0.6099.109\chromedriver-win32/chromedriver.exe] found in cache
ERROR:root:Error connecting to database: unable to open database file
INFO:WDM:====== WebDriver manager ======
INFO:WDM:Get LATEST chromedriver version for google-chrome
INFO:WDM:Get LATEST chromedriver version for google-chrome
INFO:WDM:Driver [C:\Users\marku\.wdm\drivers\chromedriver\win64\120.0.6099.109\chromedriver-win32/chromedriver.exe] found in cache
ERROR:root:Error extracting data from listing: Message: no such element: Unable to locate element: {"method":"css selector","selector":"[data-qa="price"]"}
  (Session info: chrome=120.0.6099.130); For documentation on this error, please visit: https://www.selenium.dev/documentation/webdriver/troubleshooting/errors#no-such-element-exception
Stacktrace:
	GetHandleVerifier [0x004F6EE3+174339]
	(No symbol) [0x00420A51]
	(No symbol) [0x00136FF6]
	(No symbol) [0x00169876]
	(No symbol) [0x00169C2C]
	(No symbol) [0x00162631]
	(No symbol) [0x00187054]
	(No symbol) [0x001625B0]
	(No symbol) [0x00187414]
	(No symbol) [0x0019A104]
	(No symbol) [0x00186DA6]
	(No symbol) [0x00161034]
	(No symbol) [0x00161F8D]
	GetHandleVerifier [0x00594B1C+820540]
	sqlite3_dbdata_init [0x006553EE+653550]
	sqlite3_dbdata_init [0x00654E09+652041]
	sqlite3_dbdata_init [0x006497CC+605388]
	sqlite3_dbdata_init [0x00655D9B+656027]
	(No symbol) [0x0042FE6C]
	(No symbol) [0x004283B8]
	(No symbol) [0x004284DD]
	(No symbol) [0x00415818]
	BaseThreadInitThunk [0x75C5FCC9+25]
	RtlGetAppContainerNamedObjectPath [0x77237C6E+286]
	RtlGetAppContainerNamedObjectPath [0x77237C3E+238]
	(No symbol) [0x00000000]

ERROR:root:Error extracting data from listing: Message: no such element: Unable to locate element: {"method":"css selector","selector":"h2.result-list-entry__brand-title"}
  (Session info: chrome=120.0.6099.130); For documentation on this error, please visit: https://www.selenium.dev/documentation/webdriver/troubleshooting/errors#no-such-element-exception
Stacktrace:
	GetHandleVerifier [0x004F6EE3+174339]
	(No symbol) [0x00420A51]
	(No symbol) [0x00136FF6]
	(No symbol) [0x00169876]
	(No symbol) [0x00169C2C]
	(No symbol) [0x00162631]
	(No symbol) [0x00187054]
	(No symbol) [0x001625B0]
	(No symbol) [0x00187414]
	(No symbol) [0x0019A104]
	(No symbol) [0x00186DA6]
	(No symbol) [0x00161034]
	(No symbol) [0x00161F8D]
	GetHandleVerifier [0x00594B1C+820540]
	sqlite3_dbdata_init [0x006553EE+653550]
	sqlite3_dbdata_init [0x00654E09+652041]
	sqlite3_dbdata_init [0x006497CC+605388]
	sqlite3_dbdata_init [0x00655D9B+656027]
	(No symbol) [0x0042FE6C]
	(No symbol) [0x004283B8]
	(No symbol) [0x004284DD]
	(No symbol) [0x00415818]
	BaseThreadInitThunk [0x75C5FCC9+25]
	RtlGetAppContainerNamedObjectPath [0x77237C6E+286]
	RtlGetAppContainerNamedObjectPath [0x77237C3E+238]
	(No symbol) [0x00000000]

ERROR:root:Error extracting data from listing: Message: no such element: Unable to locate element: {"method":"css selector","selector":"[data-qa="price"]"}
  (Session info: chrome=120.0.6099.130); For documentation on this error, please visit: https://www.selenium.dev/documentation/webdriver/troubleshooting/errors#no-such-element-exception
Stacktrace:
	GetHandleVerifier [0x004F6EE3+174339]
	(No symbol) [0x00420A51]
	(No symbol) [0x00136FF6]
	(No symbol) [0x00169876]
	(No symbol) [0x00169C2C]
	(No symbol) [0x00162631]
	(No symbol) [0x00187054]
	(No symbol) [0x001625B0]
	(No symbol) [0x00187414]
	(No symbol) [0x0019A104]
	(No symbol) [0x00186DA6]
	(No symbol) [0x00161034]
	(No symbol) [0x00161F8D]
	GetHandleVerifier [0x00594B1C+820540]
	sqlite3_dbdata_init [0x006553EE+653550]
	sqlite3_dbdata_init [0x00654E09+652041]
	sqlite3_dbdata_init [0x006497CC+605388]
	sqlite3_dbdata_init [0x00655D9B+656027]
	(No symbol) [0x0042FE6C]
	(No symbol) [0x004283B8]
	(No symbol) [0x004284DD]
	(No symbol) [0x00415818]
	BaseThreadInitThunk [0x75C5FCC9+25]
	RtlGetAppContainerNamedObjectPath [0x77237C6E+286]
	RtlGetAppContainerNamedObjectPath [0x77237C3E+238]
	(No symbol) [0x00000000]

ERROR:root:Error extracting data from listing: Message: no such element: Unable to locate element: {"method":"css selector","selector":"[data-qa="price"]"}
  (Session info: chrome=120.0.6099.130); For documentation on this error, please visit: https://www.selenium.dev/documentation/webdriver/troubleshooting/errors#no-such-element-exception
Stacktrace:
	GetHandleVerifier [0x004F6EE3+174339]
	(No symbol) [0x00420A51]
	(No symbol) [0x00136FF6]
	(No symbol) [0x00169876]
	(No symbol) [0x00169C2C]
	(No symbol) [0x00162631]
	(No symbol) [0x00187054]
	(No symbol) [0x001625B0]
	(No symbol) [0x00187414]
	(No symbol) [0x0019A104]
	(No symbol) [0x00186DA6]
	(No symbol) [0x00161034]
	(No symbol) [0x00161F8D]
	GetHandleVerifier [0x00594B1C+820540]
	sqlite3_dbdata_init [0x006553EE+653550]
	sqlite3_dbdata_init [0x00654E09+652041]
	sqlite3_dbdata_init [0x006497CC+605388]
	sqlite3_dbdata_init [0x00655D9B+656027]
	(No symbol) [0x0042FE6C]
	(No symbol) [0x004283B8]
	(No symbol) [0x004284DD]
	(No symbol) [0x00415818]
	BaseThreadInitThunk [0x75C5FCC9+25]
	RtlGetAppContainerNamedObjectPath [0x77237C6E+286]
	RtlGetAppContainerNamedObjectPath [0x77237C3E+238]
	(No symbol) [0x00000000]

ERROR:root:Error extracting data from listing: Message: no such element: Unable to locate element: {"method":"css selector","selector":"[data-qa="price"]"}
  (Session info: chrome=120.0.6099.130); For documentation on this error, please visit: https://www.selenium.dev/documentation/webdriver/troubleshooting/errors#no-such-element-exception
Stacktrace:
	GetHandleVerifier [0x004F6EE3+174339]
	(No symbol) [0x00420A51]
	(No symbol) [0x00136FF6]
	(No symbol) [0x00169876]
	(No symbol) [0x00169C2C]
	(No symbol) [0x00162631]
	(No symbol) [0x00187054]
	(No symbol) [0x001625B0]
	(No symbol) [0x00187414]
	(No symbol) [0x0019A104]
	(No symbol) [0x00186DA6]
	(No symbol) [0x00161034]
	(No symbol) [0x00161F8D]
	GetHandleVerifier [0x00594B1C+820540]
	sqlite3_dbdata_init [0x006553EE+653550]
	sqlite3_dbdata_init [0x00654E09+652041]
	sqlite3_dbdata_init [0x006497CC+605388]
	sqlite3_dbdata_init [0x00655D9B+656027]
	(No symbol) [0x0042FE6C]
	(No symbol) [0x004283B8]
	(No symbol) [0x004284DD]
	(No symbol) [0x00415818]
	BaseThreadInitThunk [0x75C5FCC9+25]
	RtlGetAppContainerNamedObjectPath [0x77237C6E+286]
	RtlGetAppContainerNamedObjectPath [0x77237C3E+238]
	(No symbol) [0x00000000]

ERROR:root:Error extracting data from listing: Message: no such element: Unable to locate element: {"method":"css selector","selector":"[data-qa="price"]"}
  (Session info: chrome=120.0.6099.130); For documentation on this error, please visit: https://www.selenium.dev/documentation/webdriver/troubleshooting/errors#no-such-element-exception
Stacktrace:
	GetHandleVerifier [0x004F6EE3+174339]
	(No symbol) [0x00420A51]
	(No symbol) [0x00136FF6]
	(No symbol) [0x00169876]
	(No symbol) [0x00169C2C]
	(No symbol) [0x00162631]
	(No symbol) [0x00187054]
	(No symbol) [0x001625B0]
	(No symbol) [0x00187414]
	(No symbol) [0x0019A104]
	(No symbol) [0x00186DA6]
	(No symbol) [0x00161034]
	(No symbol) [0x00161F8D]
	GetHandleVerifier [0x00594B1C+820540]
	sqlite3_dbdata_init [0x006553EE+653550]
	sqlite3_dbdata_init [0x00654E09+652041]
	sqlite3_dbdata_init [0x006497CC+605388]
	sqlite3_dbdata_init [0x00655D9B+656027]
	(No symbol) [0x0042FE6C]
	(No symbol) [0x004283B8]
	(No symbol) [0x004284DD]
	(No symbol) [0x00415818]
	BaseThreadInitThunk [0x75C5FCC9+25]
	RtlGetAppContainerNamedObjectPath [0x77237C6E+286]
	RtlGetAppContainerNamedObjectPath [0x77237C3E+238]
	(No symbol) [0x00000000]

ERROR:root:Error extracting data from listing: Message: no such element: Unable to locate element: {"method":"css selector","selector":"[data-qa="price"]"}
  (Session info: chrome=120.0.6099.130); For documentation on this error, please visit: https://www.selenium.dev/documentation/webdriver/troubleshooting/errors#no-such-element-exception
Stacktrace:
	GetHandleVerifier [0x004F6EE3+174339]
	(No symbol) [0x00420A51]
	(No symbol) [0x00136FF6]
	(No symbol) [0x00169876]
	(No symbol) [0x00169C2C]
	(No symbol) [0x00162631]
	(No symbol) [0x00187054]
	(No symbol) [0x001625B0]
	(No symbol) [0x00187414]
	(No symbol) [0x0019A104]
	(No symbol) [0x00186DA6]
	(No symbol) [0x00161034]
	(No symbol) [0x00161F8D]
	GetHandleVerifier [0x00594B1C+820540]
	sqlite3_dbdata_init [0x006553EE+653550]
	sqlite3_dbdata_init [0x00654E09+652041]
	sqlite3_dbdata_init [0x006497CC+605388]
	sqlite3_dbdata_init [0x00655D9B+656027]
	(No symbol) [0x0042FE6C]
	(No symbol) [0x004283B8]
	(No symbol) [0x004284DD]
	(No symbol) [0x00415818]
	BaseThreadInitThunk [0x75C5FCC9+25]
	RtlGetAppContainerNamedObjectPath [0x77237C6E+286]
	RtlGetAppContainerNamedObjectPath [0x77237C3E+238]
	(No symbol) [0x00000000]

ERROR:root:Error extracting data from listing: Message: no such element: Unable to locate element: {"method":"css selector","selector":"[data-qa="price"]"}
  (Session info: chrome=120.0.6099.130); For documentation on this error, please visit: https://www.selenium.dev/documentation/webdriver/troubleshooting/errors#no-such-element-exception
Stacktrace:
	GetHandleVerifier [0x004F6EE3+174339]
	(No symbol) [0x00420A51]
	(No symbol) [0x00136FF6]
	(No symbol) [0x00169876]
	(No symbol) [0x00169C2C]
	(No symbol) [0x00162631]
	(No symbol) [0x00187054]
	(No symbol) [0x001625B0]
	(No symbol) [0x00187414]
	(No symbol) [0x0019A104]
	(No symbol) [0x00186DA6]
	(No symbol) [0x00161034]
	(No symbol) [0x00161F8D]
	GetHandleVerifier [0x00594B1C+820540]
	sqlite3_dbdata_init [0x006553EE+653550]
	sqlite3_dbdata_init [0x00654E09+652041]
	sqlite3_dbdata_init [0x006497CC+605388]
	sqlite3_dbdata_init [0x00655D9B+656027]
	(No symbol) [0x0042FE6C]
	(No symbol) [0x004283B8]
	(No symbol) [0x004284DD]
	(No symbol) [0x00415818]
	BaseThreadInitThunk [0x75C5FCC9+25]
	RtlGetAppContainerNamedObjectPath [0x77237C6E+286]
	RtlGetAppContainerNamedObjectPath [0x77237C3E+238]
	(No symbol) [0x00000000]

ERROR:root:Error extracting data from listing: Message: no such element: Unable to locate element: {"method":"css selector","selector":"[data-qa="price"]"}
  (Session info: chrome=120.0.6099.130); For documentation on this error, please visit: https://www.selenium.dev/documentation/webdriver/troubleshooting/errors#no-such-element-exception
Stacktrace:
	GetHandleVerifier [0x004F6EE3+174339]
	(No symbol) [0x00420A51]
	(No symbol) [0x00136FF6]
	(No symbol) [0x00169876]
	(No symbol) [0x00169C2C]
	(No symbol) [0x00162631]
	(No symbol) [0x00187054]
	(No symbol) [0x001625B0]
	(No symbol) [0x00187414]
	(No symbol) [0x0019A104]
	(No symbol) [0x00186DA6]
	(No symbol) [0x00161034]
	(No symbol) [0x00161F8D]
	GetHandleVerifier [0x00594B1C+820540]
	sqlite3_dbdata_init [0x006553EE+653550]
	sqlite3_dbdata_init [0x00654E09+652041]
	sqlite3_dbdata_init [0x006497CC+605388]
	sqlite3_dbdata_init [0x00655D9B+656027]
	(No symbol) [0x0042FE6C]
	(No symbol) [0x004283B8]
	(No symbol) [0x004284DD]
	(No symbol) [0x00415818]
	BaseThreadInitThunk [0x75C5FCC9+25]
	RtlGetAppContainerNamedObjectPath [0x77237C6E+286]
	RtlGetAppContainerNamedObjectPath [0x77237C3E+238]
	(No symbol) [0x00000000]

ERROR:root:Error extracting data from listing: Message: no such element: Unable to locate element: {"method":"css selector","selector":"[data-qa="price"]"}
  (Session info: chrome=120.0.6099.130); For documentation on this error, please visit: https://www.selenium.dev/documentation/webdriver/troubleshooting/errors#no-such-element-exception
Stacktrace:
	GetHandleVerifier [0x004F6EE3+174339]
	(No symbol) [0x00420A51]
	(No symbol) [0x00136FF6]
	(No symbol) [0x00169876]
	(No symbol) [0x00169C2C]
	(No symbol) [0x00162631]
	(No symbol) [0x00187054]
	(No symbol) [0x001625B0]
	(No symbol) [0x00187414]
	(No symbol) [0x0019A104]
	(No symbol) [0x00186DA6]
	(No symbol) [0x00161034]
	(No symbol) [0x00161F8D]
	GetHandleVerifier [0x00594B1C+820540]
	sqlite3_dbdata_init [0x006553EE+653550]
	sqlite3_dbdata_init [0x00654E09+652041]
	sqlite3_dbdata_init [0x006497CC+605388]
	sqlite3_dbdata_init [0x00655D9B+656027]
	(No symbol) [0x0042FE6C]
	(No symbol) [0x004283B8]
	(No symbol) [0x004284DD]
	(No symbol) [0x00415818]
	BaseThreadInitThunk [0x75C5FCC9+25]
	RtlGetAppContainerNamedObjectPath [0x77237C6E+286]
	RtlGetAppContainerNamedObjectPath [0x77237C3E+238]
	(No symbol) [0x00000000]

ERROR:root:Error extracting data from listing: Message: no such element: Unable to locate element: {"method":"css selector","selector":"[data-qa="price"]"}
  (Session info: chrome=120.0.6099.130); For documentation on this error, please visit: https://www.selenium.dev/documentation/webdriver/troubleshooting/errors#no-such-element-exception
Stacktrace:
	GetHandleVerifier [0x004F6EE3+174339]
	(No symbol) [0x00420A51]
	(No symbol) [0x00136FF6]
	(No symbol) [0x00169876]
	(No symbol) [0x00169C2C]
	(No symbol) [0x00162631]
	(No symbol) [0x00187054]
	(No symbol) [0x001625B0]
	(No symbol) [0x00187414]
	(No symbol) [0x0019A104]
	(No symbol) [0x00186DA6]
	(No symbol) [0x00161034]
	(No symbol) [0x00161F8D]
	GetHandleVerifier [0x00594B1C+820540]
	sqlite3_dbdata_init [0x006553EE+653550]
	sqlite3_dbdata_init [0x00654E09+652041]
	sqlite3_dbdata_init [0x006497CC+605388]
	sqlite3_dbdata_init [0x00655D9B+656027]
	(No symbol) [0x0042FE6C]
	(No symbol) [0x004283B8]
	(No symbol) [0x004284DD]
	(No symbol) [0x00415818]
	BaseThreadInitThunk [0x75C5FCC9+25]
	RtlGetAppContainerNamedObjectPath [0x77237C6E+286]
	RtlGetAppContainerNamedObjectPath [0x77237C3E+238]
	(No symbol) [0x00000000]

INFO:WDM:====== WebDriver manager ======
INFO:WDM:Get LATEST chromedriver version for google-chrome
INFO:WDM:Get LATEST chromedriver version for google-chrome
INFO:WDM:Driver [C:\Users\marku\.wdm\drivers\chromedriver\win64\120.0.6099.109\chromedriver-win32/chromedriver.exe] found in cache
2023-12-30 19:53:03,588 - INFO - ====== WebDriver manager ======
2023-12-30 19:53:04,164 - INFO - Get LATEST chromedriver version for google-chrome
2023-12-30 19:53:04,232 - INFO - Get LATEST chromedriver version for google-chrome
2023-12-30 19:53:04,292 - INFO - Driver [C:\Users\marku\.wdm\drivers\chromedriver\win64\120.0.6099.109\chromedriver-win32/chromedriver.exe] found in cache
2023-12-30 19:53:05,324 - INFO - Script started
2023-12-30 20:00:50,964 - INFO - ====== WebDriver manager ======
2023-12-30 20:00:51,543 - INFO - Get LATEST chromedriver version for google-chrome
2023-12-30 20:00:51,627 - INFO - Get LATEST chromedriver version for google-chrome
2023-12-30 20:00:51,681 - INFO - Driver [C:\Users\marku\.wdm\drivers\chromedriver\win64\120.0.6099.109\chromedriver-win32/chromedriver.exe] found in cache
2023-12-30 20:00:52,711 - INFO - Script started
2023-12-30 20:08:17,952 - INFO - ====== WebDriver manager ======
2023-12-30 20:08:18,554 - INFO - Get LATEST chromedriver version for google-chrome
2023-12-30 20:08:18,621 - INFO - Get LATEST chromedriver version for google-chrome
2023-12-30 20:08:18,685 - INFO - Driver [C:\Users\marku\.wdm\drivers\chromedriver\win64\120.0.6099.109\chromedriver-win32/chromedriver.exe] found in cache
2023-12-30 20:08:19,774 - INFO - Script started
2023-12-30 20:18:14,514 - INFO - ====== WebDriver manager ======
2023-12-30 20:18:15,086 - INFO - Get LATEST chromedriver version for google-chrome
2023-12-30 20:18:15,271 - INFO - Get LATEST chromedriver version for google-chrome
2023-12-30 20:18:15,323 - INFO - Driver [C:\Users\marku\.wdm\drivers\chromedriver\win64\120.0.6099.109\chromedriver-win32/chromedriver.exe] found in cache
2023-12-30 20:18:16,351 - INFO - Script started
2023-12-30 20:18:31,163 - INFO - Script ended
2023-12-30 20:18:40,543 - INFO - ====== WebDriver manager ======
2023-12-30 20:18:41,129 - INFO - Get LATEST chromedriver version for google-chrome
2023-12-30 20:18:41,195 - INFO - Get LATEST chromedriver version for google-chrome
2023-12-30 20:18:41,249 - INFO - Driver [C:\Users\marku\.wdm\drivers\chromedriver\win64\120.0.6099.109\chromedriver-win32/chromedriver.exe] found in cache
2023-12-30 20:18:42,277 - INFO - Script started
2023-12-30 20:29:09,806 - INFO - ====== WebDriver manager ======
2023-12-30 20:29:10,405 - INFO - Get LATEST chromedriver version for google-chrome
2023-12-30 20:29:10,577 - INFO - Get LATEST chromedriver version for google-chrome
2023-12-30 20:29:10,635 - INFO - Driver [C:\Users\marku\.wdm\drivers\chromedriver\win64\120.0.6099.109\chromedriver-win32/chromedriver.exe] found in cache
2023-12-30 20:29:11,685 - INFO - Script started
2023-12-30 20:32:22,186 - INFO - ====== WebDriver manager ======
2023-12-30 20:32:22,768 - INFO - Get LATEST chromedriver version for google-chrome
2023-12-30 20:32:22,830 - INFO - Get LATEST chromedriver version for google-chrome
2023-12-30 20:32:22,883 - INFO - Driver [C:\Users\marku\.wdm\drivers\chromedriver\win64\120.0.6099.109\chromedriver-win32/chromedriver.exe] found in cache
2023-12-30 20:32:23,914 - INFO - Script started
2023-12-30 20:32:45,382 - ERROR - Error extracting data from listing: Message: no such element: Unable to locate element: {"method":"css selector","selector":"[data-qa="price"]"}
  (Session info: chrome=120.0.6099.130); For documentation on this error, please visit: https://www.selenium.dev/documentation/webdriver/troubleshooting/errors#no-such-element-exception
Stacktrace:
	GetHandleVerifier [0x004F6EE3+174339]
	(No symbol) [0x00420A51]
	(No symbol) [0x00136FF6]
	(No symbol) [0x00169876]
	(No symbol) [0x00169C2C]
	(No symbol) [0x00162631]
	(No symbol) [0x00187054]
	(No symbol) [0x001625B0]
	(No symbol) [0x00187414]
	(No symbol) [0x0019A104]
	(No symbol) [0x00186DA6]
	(No symbol) [0x00161034]
	(No symbol) [0x00161F8D]
	GetHandleVerifier [0x00594B1C+820540]
	sqlite3_dbdata_init [0x006553EE+653550]
	sqlite3_dbdata_init [0x00654E09+652041]
	sqlite3_dbdata_init [0x006497CC+605388]
	sqlite3_dbdata_init [0x00655D9B+656027]
	(No symbol) [0x0042FE6C]
	(No symbol) [0x004283B8]
	(No symbol) [0x004284DD]
	(No symbol) [0x00415818]
	BaseThreadInitThunk [0x75C5FCC9+25]
	RtlGetAppContainerNamedObjectPath [0x77237C6E+286]
	RtlGetAppContainerNamedObjectPath [0x77237C3E+238]
	(No symbol) [0x00000000]

2023-12-30 20:32:45,395 - ERROR - Error extracting data from listing: Message: no such element: Unable to locate element: {"method":"css selector","selector":"h2.result-list-entry__brand-title"}
  (Session info: chrome=120.0.6099.130); For documentation on this error, please visit: https://www.selenium.dev/documentation/webdriver/troubleshooting/errors#no-such-element-exception
Stacktrace:
	GetHandleVerifier [0x004F6EE3+174339]
	(No symbol) [0x00420A51]
	(No symbol) [0x00136FF6]
	(No symbol) [0x00169876]
	(No symbol) [0x00169C2C]
	(No symbol) [0x00162631]
	(No symbol) [0x00187054]
	(No symbol) [0x001625B0]
	(No symbol) [0x00187414]
	(No symbol) [0x0019A104]
	(No symbol) [0x00186DA6]
	(No symbol) [0x00161034]
	(No symbol) [0x00161F8D]
	GetHandleVerifier [0x00594B1C+820540]
	sqlite3_dbdata_init [0x006553EE+653550]
	sqlite3_dbdata_init [0x00654E09+652041]
	sqlite3_dbdata_init [0x006497CC+605388]
	sqlite3_dbdata_init [0x00655D9B+656027]
	(No symbol) [0x0042FE6C]
	(No symbol) [0x004283B8]
	(No symbol) [0x004284DD]
	(No symbol) [0x00415818]
	BaseThreadInitThunk [0x75C5FCC9+25]
	RtlGetAppContainerNamedObjectPath [0x77237C6E+286]
	RtlGetAppContainerNamedObjectPath [0x77237C3E+238]
	(No symbol) [0x00000000]

2023-12-30 20:32:45,428 - ERROR - Error extracting data from listing: Message: no such element: Unable to locate element: {"method":"css selector","selector":"[data-qa="price"]"}
  (Session info: chrome=120.0.6099.130); For documentation on this error, please visit: https://www.selenium.dev/documentation/webdriver/troubleshooting/errors#no-such-element-exception
Stacktrace:
	GetHandleVerifier [0x004F6EE3+174339]
	(No symbol) [0x00420A51]
	(No symbol) [0x00136FF6]
	(No symbol) [0x00169876]
	(No symbol) [0x00169C2C]
	(No symbol) [0x00162631]
	(No symbol) [0x00187054]
	(No symbol) [0x001625B0]
	(No symbol) [0x00187414]
	(No symbol) [0x0019A104]
	(No symbol) [0x00186DA6]
	(No symbol) [0x00161034]
	(No symbol) [0x00161F8D]
	GetHandleVerifier [0x00594B1C+820540]
	sqlite3_dbdata_init [0x006553EE+653550]
	sqlite3_dbdata_init [0x00654E09+652041]
	sqlite3_dbdata_init [0x006497CC+605388]
	sqlite3_dbdata_init [0x00655D9B+656027]
	(No symbol) [0x0042FE6C]
	(No symbol) [0x004283B8]
	(No symbol) [0x004284DD]
	(No symbol) [0x00415818]
	BaseThreadInitThunk [0x75C5FCC9+25]
	RtlGetAppContainerNamedObjectPath [0x77237C6E+286]
	RtlGetAppContainerNamedObjectPath [0x77237C3E+238]
	(No symbol) [0x00000000]

2023-12-30 20:32:45,459 - ERROR - Error extracting data from listing: Message: no such element: Unable to locate element: {"method":"css selector","selector":"[data-qa="price"]"}
  (Session info: chrome=120.0.6099.130); For documentation on this error, please visit: https://www.selenium.dev/documentation/webdriver/troubleshooting/errors#no-such-element-exception
Stacktrace:
	GetHandleVerifier [0x004F6EE3+174339]
	(No symbol) [0x00420A51]
	(No symbol) [0x00136FF6]
	(No symbol) [0x00169876]
	(No symbol) [0x00169C2C]
	(No symbol) [0x00162631]
	(No symbol) [0x00187054]
	(No symbol) [0x001625B0]
	(No symbol) [0x00187414]
	(No symbol) [0x0019A104]
	(No symbol) [0x00186DA6]
	(No symbol) [0x00161034]
	(No symbol) [0x00161F8D]
	GetHandleVerifier [0x00594B1C+820540]
	sqlite3_dbdata_init [0x006553EE+653550]
	sqlite3_dbdata_init [0x00654E09+652041]
	sqlite3_dbdata_init [0x006497CC+605388]
	sqlite3_dbdata_init [0x00655D9B+656027]
	(No symbol) [0x0042FE6C]
	(No symbol) [0x004283B8]
	(No symbol) [0x004284DD]
	(No symbol) [0x00415818]
	BaseThreadInitThunk [0x75C5FCC9+25]
	RtlGetAppContainerNamedObjectPath [0x77237C6E+286]
	RtlGetAppContainerNamedObjectPath [0x77237C3E+238]
	(No symbol) [0x00000000]

2023-12-30 20:32:45,490 - ERROR - Error extracting data from listing: Message: no such element: Unable to locate element: {"method":"css selector","selector":"[data-qa="price"]"}
  (Session info: chrome=120.0.6099.130); For documentation on this error, please visit: https://www.selenium.dev/documentation/webdriver/troubleshooting/errors#no-such-element-exception
Stacktrace:
	GetHandleVerifier [0x004F6EE3+174339]
	(No symbol) [0x00420A51]
	(No symbol) [0x00136FF6]
	(No symbol) [0x00169876]
	(No symbol) [0x00169C2C]
	(No symbol) [0x00162631]
	(No symbol) [0x00187054]
	(No symbol) [0x001625B0]
	(No symbol) [0x00187414]
	(No symbol) [0x0019A104]
	(No symbol) [0x00186DA6]
	(No symbol) [0x00161034]
	(No symbol) [0x00161F8D]
	GetHandleVerifier [0x00594B1C+820540]
	sqlite3_dbdata_init [0x006553EE+653550]
	sqlite3_dbdata_init [0x00654E09+652041]
	sqlite3_dbdata_init [0x006497CC+605388]
	sqlite3_dbdata_init [0x00655D9B+656027]
	(No symbol) [0x0042FE6C]
	(No symbol) [0x004283B8]
	(No symbol) [0x004284DD]
	(No symbol) [0x00415818]
	BaseThreadInitThunk [0x75C5FCC9+25]
	RtlGetAppContainerNamedObjectPath [0x77237C6E+286]
	RtlGetAppContainerNamedObjectPath [0x77237C3E+238]
	(No symbol) [0x00000000]

2023-12-30 20:32:45,524 - ERROR - Error extracting data from listing: Message: no such element: Unable to locate element: {"method":"css selector","selector":"[data-qa="price"]"}
  (Session info: chrome=120.0.6099.130); For documentation on this error, please visit: https://www.selenium.dev/documentation/webdriver/troubleshooting/errors#no-such-element-exception
Stacktrace:
	GetHandleVerifier [0x004F6EE3+174339]
	(No symbol) [0x00420A51]
	(No symbol) [0x00136FF6]
	(No symbol) [0x00169876]
	(No symbol) [0x00169C2C]
	(No symbol) [0x00162631]
	(No symbol) [0x00187054]
	(No symbol) [0x001625B0]
	(No symbol) [0x00187414]
	(No symbol) [0x0019A104]
	(No symbol) [0x00186DA6]
	(No symbol) [0x00161034]
	(No symbol) [0x00161F8D]
	GetHandleVerifier [0x00594B1C+820540]
	sqlite3_dbdata_init [0x006553EE+653550]
	sqlite3_dbdata_init [0x00654E09+652041]
	sqlite3_dbdata_init [0x006497CC+605388]
	sqlite3_dbdata_init [0x00655D9B+656027]
	(No symbol) [0x0042FE6C]
	(No symbol) [0x004283B8]
	(No symbol) [0x004284DD]
	(No symbol) [0x00415818]
	BaseThreadInitThunk [0x75C5FCC9+25]
	RtlGetAppContainerNamedObjectPath [0x77237C6E+286]
	RtlGetAppContainerNamedObjectPath [0x77237C3E+238]
	(No symbol) [0x00000000]

2023-12-30 20:32:45,556 - ERROR - Error extracting data from listing: Message: no such element: Unable to locate element: {"method":"css selector","selector":"[data-qa="price"]"}
  (Session info: chrome=120.0.6099.130); For documentation on this error, please visit: https://www.selenium.dev/documentation/webdriver/troubleshooting/errors#no-such-element-exception
Stacktrace:
	GetHandleVerifier [0x004F6EE3+174339]
	(No symbol) [0x00420A51]
	(No symbol) [0x00136FF6]
	(No symbol) [0x00169876]
	(No symbol) [0x00169C2C]
	(No symbol) [0x00162631]
	(No symbol) [0x00187054]
	(No symbol) [0x001625B0]
	(No symbol) [0x00187414]
	(No symbol) [0x0019A104]
	(No symbol) [0x00186DA6]
	(No symbol) [0x00161034]
	(No symbol) [0x00161F8D]
	GetHandleVerifier [0x00594B1C+820540]
	sqlite3_dbdata_init [0x006553EE+653550]
	sqlite3_dbdata_init [0x00654E09+652041]
	sqlite3_dbdata_init [0x006497CC+605388]
	sqlite3_dbdata_init [0x00655D9B+656027]
	(No symbol) [0x0042FE6C]
	(No symbol) [0x004283B8]
	(No symbol) [0x004284DD]
	(No symbol) [0x00415818]
	BaseThreadInitThunk [0x75C5FCC9+25]
	RtlGetAppContainerNamedObjectPath [0x77237C6E+286]
	RtlGetAppContainerNamedObjectPath [0x77237C3E+238]
	(No symbol) [0x00000000]

2023-12-30 20:32:45,589 - ERROR - Error extracting data from listing: Message: no such element: Unable to locate element: {"method":"css selector","selector":"[data-qa="price"]"}
  (Session info: chrome=120.0.6099.130); For documentation on this error, please visit: https://www.selenium.dev/documentation/webdriver/troubleshooting/errors#no-such-element-exception
Stacktrace:
	GetHandleVerifier [0x004F6EE3+174339]
	(No symbol) [0x00420A51]
	(No symbol) [0x00136FF6]
	(No symbol) [0x00169876]
	(No symbol) [0x00169C2C]
	(No symbol) [0x00162631]
	(No symbol) [0x00187054]
	(No symbol) [0x001625B0]
	(No symbol) [0x00187414]
	(No symbol) [0x0019A104]
	(No symbol) [0x00186DA6]
	(No symbol) [0x00161034]
	(No symbol) [0x00161F8D]
	GetHandleVerifier [0x00594B1C+820540]
	sqlite3_dbdata_init [0x006553EE+653550]
	sqlite3_dbdata_init [0x00654E09+652041]
	sqlite3_dbdata_init [0x006497CC+605388]
	sqlite3_dbdata_init [0x00655D9B+656027]
	(No symbol) [0x0042FE6C]
	(No symbol) [0x004283B8]
	(No symbol) [0x004284DD]
	(No symbol) [0x00415818]
	BaseThreadInitThunk [0x75C5FCC9+25]
	RtlGetAppContainerNamedObjectPath [0x77237C6E+286]
	RtlGetAppContainerNamedObjectPath [0x77237C3E+238]
	(No symbol) [0x00000000]

2023-12-30 20:32:45,622 - ERROR - Error extracting data from listing: Message: no such element: Unable to locate element: {"method":"css selector","selector":"[data-qa="price"]"}
  (Session info: chrome=120.0.6099.130); For documentation on this error, please visit: https://www.selenium.dev/documentation/webdriver/troubleshooting/errors#no-such-element-exception
Stacktrace:
	GetHandleVerifier [0x004F6EE3+174339]
	(No symbol) [0x00420A51]
	(No symbol) [0x00136FF6]
	(No symbol) [0x00169876]
	(No symbol) [0x00169C2C]
	(No symbol) [0x00162631]
	(No symbol) [0x00187054]
	(No symbol) [0x001625B0]
	(No symbol) [0x00187414]
	(No symbol) [0x0019A104]
	(No symbol) [0x00186DA6]
	(No symbol) [0x00161034]
	(No symbol) [0x00161F8D]
	GetHandleVerifier [0x00594B1C+820540]
	sqlite3_dbdata_init [0x006553EE+653550]
	sqlite3_dbdata_init [0x00654E09+652041]
	sqlite3_dbdata_init [0x006497CC+605388]
	sqlite3_dbdata_init [0x00655D9B+656027]
	(No symbol) [0x0042FE6C]
	(No symbol) [0x004283B8]
	(No symbol) [0x004284DD]
	(No symbol) [0x00415818]
	BaseThreadInitThunk [0x75C5FCC9+25]
	RtlGetAppContainerNamedObjectPath [0x77237C6E+286]
	RtlGetAppContainerNamedObjectPath [0x77237C3E+238]
	(No symbol) [0x00000000]

2023-12-30 20:32:45,655 - ERROR - Error extracting data from listing: Message: no such element: Unable to locate element: {"method":"css selector","selector":"[data-qa="price"]"}
  (Session info: chrome=120.0.6099.130); For documentation on this error, please visit: https://www.selenium.dev/documentation/webdriver/troubleshooting/errors#no-such-element-exception
Stacktrace:
	GetHandleVerifier [0x004F6EE3+174339]
	(No symbol) [0x00420A51]
	(No symbol) [0x00136FF6]
	(No symbol) [0x00169876]
	(No symbol) [0x00169C2C]
	(No symbol) [0x00162631]
	(No symbol) [0x00187054]
	(No symbol) [0x001625B0]
	(No symbol) [0x00187414]
	(No symbol) [0x0019A104]
	(No symbol) [0x00186DA6]
	(No symbol) [0x00161034]
	(No symbol) [0x00161F8D]
	GetHandleVerifier [0x00594B1C+820540]
	sqlite3_dbdata_init [0x006553EE+653550]
	sqlite3_dbdata_init [0x00654E09+652041]
	sqlite3_dbdata_init [0x006497CC+605388]
	sqlite3_dbdata_init [0x00655D9B+656027]
	(No symbol) [0x0042FE6C]
	(No symbol) [0x004283B8]
	(No symbol) [0x004284DD]
	(No symbol) [0x00415818]
	BaseThreadInitThunk [0x75C5FCC9+25]
	RtlGetAppContainerNamedObjectPath [0x77237C6E+286]
	RtlGetAppContainerNamedObjectPath [0x77237C3E+238]
	(No symbol) [0x00000000]

2023-12-30 20:32:45,689 - ERROR - Error extracting data from listing: Message: no such element: Unable to locate element: {"method":"css selector","selector":"[data-qa="price"]"}
  (Session info: chrome=120.0.6099.130); For documentation on this error, please visit: https://www.selenium.dev/documentation/webdriver/troubleshooting/errors#no-such-element-exception
Stacktrace:
	GetHandleVerifier [0x004F6EE3+174339]
	(No symbol) [0x00420A51]
	(No symbol) [0x00136FF6]
	(No symbol) [0x00169876]
	(No symbol) [0x00169C2C]
	(No symbol) [0x00162631]
	(No symbol) [0x00187054]
	(No symbol) [0x001625B0]
	(No symbol) [0x00187414]
	(No symbol) [0x0019A104]
	(No symbol) [0x00186DA6]
	(No symbol) [0x00161034]
	(No symbol) [0x00161F8D]
	GetHandleVerifier [0x00594B1C+820540]
	sqlite3_dbdata_init [0x006553EE+653550]
	sqlite3_dbdata_init [0x00654E09+652041]
	sqlite3_dbdata_init [0x006497CC+605388]
	sqlite3_dbdata_init [0x00655D9B+656027]
	(No symbol) [0x0042FE6C]
	(No symbol) [0x004283B8]
	(No symbol) [0x004284DD]
	(No symbol) [0x00415818]
	BaseThreadInitThunk [0x75C5FCC9+25]
	RtlGetAppContainerNamedObjectPath [0x77237C6E+286]
	RtlGetAppContainerNamedObjectPath [0x77237C3E+238]
	(No symbol) [0x00000000]

2023-12-30 20:32:45,689 - INFO - Script ended
2023-12-30 20:37:20,106 - INFO - ====== WebDriver manager ======
2023-12-30 20:37:20,687 - INFO - Get LATEST chromedriver version for google-chrome
2023-12-30 20:37:20,746 - INFO - Get LATEST chromedriver version for google-chrome
2023-12-30 20:37:20,800 - INFO - Driver [C:\Users\marku\.wdm\drivers\chromedriver\win64\120.0.6099.109\chromedriver-win32/chromedriver.exe] found in cache
2023-12-30 20:37:21,905 - INFO - Script started
2023-12-30 20:37:37,157 - ERROR - Error extracting data from listing: Message: no such element: Unable to locate element: {"method":"css selector","selector":"h2.result-list-entry__brand-title"}
  (Session info: chrome=120.0.6099.130); For documentation on this error, please visit: https://www.selenium.dev/documentation/webdriver/troubleshooting/errors#no-such-element-exception
Stacktrace:
	GetHandleVerifier [0x004F6EE3+174339]
	(No symbol) [0x00420A51]
	(No symbol) [0x00136FF6]
	(No symbol) [0x00169876]
	(No symbol) [0x00169C2C]
	(No symbol) [0x00162631]
	(No symbol) [0x00187054]
	(No symbol) [0x001625B0]
	(No symbol) [0x00187414]
	(No symbol) [0x0019A104]
	(No symbol) [0x00186DA6]
	(No symbol) [0x00161034]
	(No symbol) [0x00161F8D]
	GetHandleVerifier [0x00594B1C+820540]
	sqlite3_dbdata_init [0x006553EE+653550]
	sqlite3_dbdata_init [0x00654E09+652041]
	sqlite3_dbdata_init [0x006497CC+605388]
	sqlite3_dbdata_init [0x00655D9B+656027]
	(No symbol) [0x0042FE6C]
	(No symbol) [0x004283B8]
	(No symbol) [0x004284DD]
	(No symbol) [0x00415818]
	BaseThreadInitThunk [0x75C5FCC9+25]
	RtlGetAppContainerNamedObjectPath [0x77237C6E+286]
	RtlGetAppContainerNamedObjectPath [0x77237C3E+238]
	(No symbol) [0x00000000]

2023-12-30 20:37:38,614 - INFO - Script ended
